2023-09-22 18:05:20.707 [info] Log level: Info
2023-09-22 18:05:20.707 [info] Validating found git in: "git"
2023-09-22 18:05:20.707 [info] Using git "2.42.0" from "git"
2023-09-22 18:05:20.707 [info] > git rev-parse --show-toplevel [8ms]
2023-09-22 18:05:20.707 [info] fatal: not a git repository (or any parent up to mount point /)
Stopping at filesystem boundary (GIT_DISCOVERY_ACROSS_FILESYSTEM not set).
2023-09-22 18:05:20.707 [info] > git rev-parse --show-toplevel [3ms]
2023-09-22 18:05:20.707 [info] fatal: not a git repository (or any parent up to mount point /)
Stopping at filesystem boundary (GIT_DISCOVERY_ACROSS_FILESYSTEM not set).
2023-09-22 18:05:20.709 [info] > git rev-parse --show-toplevel [23ms]
2023-09-22 18:05:20.709 [info] fatal: not a git repository (or any parent up to mount point /)
Stopping at filesystem boundary (GIT_DISCOVERY_ACROSS_FILESYSTEM not set).
2023-09-22 18:05:20.736 [info] > git rev-parse --show-toplevel [2ms]
2023-09-22 18:05:20.736 [info] fatal: not a git repository (or any parent up to mount point /)
Stopping at filesystem boundary (GIT_DISCOVERY_ACROSS_FILESYSTEM not set).
2023-09-22 18:05:26.841 [info] > git rev-parse --show-toplevel [2ms]
2023-09-22 18:05:26.841 [info] fatal: not a git repository (or any parent up to mount point /)
Stopping at filesystem boundary (GIT_DISCOVERY_ACROSS_FILESYSTEM not set).
2023-09-22 18:07:36.442 [info] > git rev-parse --show-toplevel [2ms]
2023-09-22 18:07:36.442 [info] fatal: not a git repository (or any parent up to mount point /)
Stopping at filesystem boundary (GIT_DISCOVERY_ACROSS_FILESYSTEM not set).
2023-09-22 18:09:04.882 [info] > git rev-parse --show-toplevel [2ms]
2023-09-22 18:09:04.882 [info] fatal: not a git repository (or any parent up to mount point /)
Stopping at filesystem boundary (GIT_DISCOVERY_ACROSS_FILESYSTEM not set).
2023-09-22 18:09:18.563 [info] > git rev-parse --show-toplevel [1ms]
2023-09-22 18:09:18.563 [info] fatal: not a git repository (or any parent up to mount point /)
Stopping at filesystem boundary (GIT_DISCOVERY_ACROSS_FILESYSTEM not set).
