2023-09-23 10:35:45.291 [info] Extension host with pid 6633 started
2023-09-23 10:35:45.291 [info] Skipping acquiring lock for /home/qweru/.config/Code - OSS/User/workspaceStorage/7c84d26876d4a811961c6bc6c67f7f44.
2023-09-23 10:35:45.366 [info] ExtensionService#_doActivateExtension vscode.emmet, startup: false, activationEvent: 'onLanguage'
2023-09-23 10:35:45.378 [info] ExtensionService#_doActivateExtension vscode.html-language-features, startup: false, activationEvent: 'onLanguage:html'
2023-09-23 10:35:46.146 [info] ExtensionService#_doActivateExtension vscode.git-base, startup: true, activationEvent: '*', root cause: vscode.git
2023-09-23 10:35:46.154 [info] ExtensionService#_doActivateExtension ecmel.vscode-html-css, startup: true, activationEvent: '*'
2023-09-23 10:35:46.193 [info] ExtensionService#_doActivateExtension vscode.git, startup: true, activationEvent: '*'
2023-09-23 10:35:46.218 [info] ExtensionService#_doActivateExtension vscode.github, startup: true, activationEvent: '*'
2023-09-23 10:35:46.273 [info] Eager extensions activated
2023-09-23 10:35:46.301 [info] ExtensionService#_doActivateExtension vscode.debug-auto-launch, startup: false, activationEvent: 'onStartupFinished'
2023-09-23 10:35:46.304 [info] ExtensionService#_doActivateExtension vscode.merge-conflict, startup: false, activationEvent: 'onStartupFinished'
2023-09-23 10:35:46.317 [info] ExtensionService#_doActivateExtension PKief.material-icon-theme, startup: false, activationEvent: 'onStartupFinished'
2023-09-23 10:35:46.323 [info] ExtensionService#_doActivateExtension sainnhe.everforest, startup: false, activationEvent: 'onStartupFinished'
2023-09-23 10:44:56.457 [info] ExtensionService#_doActivateExtension vscode.css-language-features, startup: false, activationEvent: 'onLanguage:css'
2023-09-23 10:45:09.424 [error] [ecmel.vscode-html-css] provider FAILED
2023-09-23 10:45:09.424 [error] undefined
2023-09-23 10:45:11.288 [error] [ecmel.vscode-html-css] provider FAILED
2023-09-23 10:45:11.289 [error] undefined
2023-09-23 10:45:11.685 [error] [ecmel.vscode-html-css] provider FAILED
2023-09-23 10:45:11.685 [error] undefined
2023-09-23 10:45:11.783 [error] [ecmel.vscode-html-css] provider FAILED
2023-09-23 10:45:11.783 [error] undefined
2023-09-23 10:45:11.868 [error] [ecmel.vscode-html-css] provider FAILED
2023-09-23 10:45:11.869 [error] undefined
2023-09-23 10:45:12.322 [error] [ecmel.vscode-html-css] provider FAILED
2023-09-23 10:45:12.323 [error] undefined
2023-09-23 10:45:12.510 [error] [ecmel.vscode-html-css] provider FAILED
2023-09-23 10:45:12.510 [error] undefined
2023-09-23 10:45:12.586 [error] [ecmel.vscode-html-css] provider FAILED
2023-09-23 10:45:12.586 [error] undefined
2023-09-23 10:45:12.741 [error] [ecmel.vscode-html-css] provider FAILED
2023-09-23 10:45:12.742 [error] undefined
2023-09-23 10:45:12.853 [error] [ecmel.vscode-html-css] provider FAILED
2023-09-23 10:45:12.853 [error] undefined
2023-09-23 10:47:31.902 [error] [ecmel.vscode-html-css] provider FAILED
2023-09-23 10:47:31.902 [error] undefined
2023-09-23 10:54:50.667 [error] [ecmel.vscode-html-css] provider FAILED
2023-09-23 10:54:50.667 [error] undefined
2023-09-23 10:54:52.369 [error] [ecmel.vscode-html-css] provider FAILED
2023-09-23 10:54:52.369 [error] undefined
2023-09-23 10:54:53.316 [error] [ecmel.vscode-html-css] provider FAILED
2023-09-23 10:54:53.316 [error] undefined
2023-09-23 10:54:56.983 [error] [ecmel.vscode-html-css] provider FAILED
2023-09-23 10:54:56.983 [error] undefined
2023-09-23 10:54:57.897 [error] [ecmel.vscode-html-css] provider FAILED
2023-09-23 10:54:57.897 [error] undefined
2023-09-23 10:55:01.356 [error] [ecmel.vscode-html-css] provider FAILED
2023-09-23 10:55:01.356 [error] undefined
2023-09-23 10:55:02.010 [error] [ecmel.vscode-html-css] provider FAILED
2023-09-23 10:55:02.010 [error] undefined
2023-09-23 10:55:02.589 [error] [ecmel.vscode-html-css] provider FAILED
2023-09-23 10:55:02.589 [error] undefined
2023-09-23 10:55:07.551 [error] [ecmel.vscode-html-css] provider FAILED
2023-09-23 10:55:07.551 [error] undefined
2023-09-23 10:59:24.578 [error] [ecmel.vscode-html-css] provider FAILED
2023-09-23 10:59:24.578 [error] undefined
2023-09-23 10:59:34.372 [error] [ecmel.vscode-html-css] provider FAILED
2023-09-23 10:59:34.372 [error] undefined
2023-09-23 10:59:35.409 [error] [ecmel.vscode-html-css] provider FAILED
2023-09-23 10:59:35.409 [error] undefined
2023-09-23 10:59:41.265 [error] [ecmel.vscode-html-css] provider FAILED
2023-09-23 10:59:41.265 [error] undefined
2023-09-23 10:59:42.321 [error] [ecmel.vscode-html-css] provider FAILED
2023-09-23 10:59:42.321 [error] undefined
2023-09-23 10:59:43.024 [error] [ecmel.vscode-html-css] provider FAILED
2023-09-23 10:59:43.024 [error] undefined
2023-09-23 10:59:44.121 [error] [ecmel.vscode-html-css] provider FAILED
2023-09-23 10:59:44.121 [error] undefined
2023-09-23 10:59:47.092 [error] [ecmel.vscode-html-css] provider FAILED
2023-09-23 10:59:47.092 [error] undefined
2023-09-23 10:59:49.567 [error] [ecmel.vscode-html-css] provider FAILED
2023-09-23 10:59:49.567 [error] undefined
2023-09-23 10:59:52.003 [error] [ecmel.vscode-html-css] provider FAILED
2023-09-23 10:59:52.003 [error] undefined
2023-09-23 11:00:00.038 [error] [ecmel.vscode-html-css] provider FAILED
2023-09-23 11:00:00.038 [error] undefined
2023-09-23 11:00:17.881 [error] [ecmel.vscode-html-css] provider FAILED
2023-09-23 11:00:17.882 [error] undefined
2023-09-23 11:00:20.067 [error] [ecmel.vscode-html-css] provider FAILED
2023-09-23 11:00:20.068 [error] undefined
2023-09-23 11:00:22.808 [error] [ecmel.vscode-html-css] provider FAILED
2023-09-23 11:00:22.808 [error] undefined
2023-09-23 11:00:25.066 [error] [ecmel.vscode-html-css] provider FAILED
2023-09-23 11:00:25.066 [error] undefined
2023-09-23 11:00:52.215 [error] [ecmel.vscode-html-css] provider FAILED
2023-09-23 11:00:52.215 [error] undefined
2023-09-23 11:00:52.674 [error] [ecmel.vscode-html-css] provider FAILED
2023-09-23 11:00:52.674 [error] undefined
2023-09-23 11:01:45.378 [error] [ecmel.vscode-html-css] provider FAILED
2023-09-23 11:01:45.378 [error] undefined
2023-09-23 11:01:45.800 [error] [ecmel.vscode-html-css] provider FAILED
2023-09-23 11:01:45.800 [error] undefined
2023-09-23 11:01:45.934 [error] [ecmel.vscode-html-css] provider FAILED
2023-09-23 11:01:45.934 [error] undefined
2023-09-23 11:01:48.619 [error] [ecmel.vscode-html-css] provider FAILED
2023-09-23 11:01:48.619 [error] undefined
2023-09-23 11:01:49.588 [error] [ecmel.vscode-html-css] provider FAILED
2023-09-23 11:01:49.588 [error] undefined
2023-09-23 11:01:49.794 [error] [ecmel.vscode-html-css] provider FAILED
2023-09-23 11:01:49.795 [error] undefined
2023-09-23 11:01:49.998 [error] [ecmel.vscode-html-css] provider FAILED
2023-09-23 11:01:49.998 [error] undefined
2023-09-23 11:01:50.095 [error] [ecmel.vscode-html-css] provider FAILED
2023-09-23 11:01:50.095 [error] undefined
2023-09-23 11:09:55.730 [error] [ecmel.vscode-html-css] provider FAILED
2023-09-23 11:09:55.730 [error] undefined
2023-09-23 11:10:00.029 [error] [ecmel.vscode-html-css] provider FAILED
2023-09-23 11:10:00.029 [error] undefined
2023-09-23 11:11:15.086 [error] [ecmel.vscode-html-css] provider FAILED
2023-09-23 11:11:15.086 [error] undefined
2023-09-23 11:11:15.826 [error] [ecmel.vscode-html-css] provider FAILED
2023-09-23 11:11:15.826 [error] undefined
2023-09-23 11:11:16.181 [error] [ecmel.vscode-html-css] provider FAILED
2023-09-23 11:11:16.181 [error] undefined
2023-09-23 11:11:17.212 [error] [ecmel.vscode-html-css] provider FAILED
2023-09-23 11:11:17.212 [error] undefined
2023-09-23 11:12:35.078 [error] [ecmel.vscode-html-css] provider FAILED
2023-09-23 11:12:35.078 [error] undefined
2023-09-23 11:12:36.440 [error] [ecmel.vscode-html-css] provider FAILED
2023-09-23 11:12:36.440 [error] undefined
2023-09-23 11:12:36.621 [error] [ecmel.vscode-html-css] provider FAILED
2023-09-23 11:12:36.621 [error] undefined
2023-09-23 11:12:36.786 [error] [ecmel.vscode-html-css] provider FAILED
2023-09-23 11:12:36.786 [error] undefined
2023-09-23 11:12:36.859 [error] [ecmel.vscode-html-css] provider FAILED
2023-09-23 11:12:36.859 [error] undefined
2023-09-23 11:13:08.969 [error] [ecmel.vscode-html-css] provider FAILED
2023-09-23 11:13:08.969 [error] undefined
2023-09-23 11:13:11.076 [error] [ecmel.vscode-html-css] provider FAILED
2023-09-23 11:13:11.076 [error] undefined
2023-09-23 11:13:11.465 [error] [ecmel.vscode-html-css] provider FAILED
2023-09-23 11:13:11.465 [error] undefined
2023-09-23 11:13:12.029 [error] [ecmel.vscode-html-css] provider FAILED
2023-09-23 11:13:12.029 [error] undefined
2023-09-23 11:13:15.142 [error] [ecmel.vscode-html-css] provider FAILED
2023-09-23 11:13:15.142 [error] undefined
2023-09-23 11:13:15.580 [error] [ecmel.vscode-html-css] provider FAILED
2023-09-23 11:13:15.581 [error] undefined
2023-09-23 11:13:57.881 [error] [ecmel.vscode-html-css] provider FAILED
2023-09-23 11:13:57.881 [error] undefined
2023-09-23 11:13:58.592 [error] [ecmel.vscode-html-css] provider FAILED
2023-09-23 11:13:58.592 [error] undefined
2023-09-23 11:13:59.019 [error] [ecmel.vscode-html-css] provider FAILED
2023-09-23 11:13:59.019 [error] undefined
2023-09-23 11:13:59.169 [error] [ecmel.vscode-html-css] provider FAILED
2023-09-23 11:13:59.169 [error] undefined
2023-09-23 11:14:00.044 [error] [ecmel.vscode-html-css] provider FAILED
2023-09-23 11:14:00.044 [error] undefined
2023-09-23 11:14:00.214 [error] [ecmel.vscode-html-css] provider FAILED
2023-09-23 11:14:00.214 [error] undefined
2023-09-23 11:14:08.747 [error] [ecmel.vscode-html-css] provider FAILED
2023-09-23 11:14:08.747 [error] undefined
2023-09-23 11:14:09.250 [error] [ecmel.vscode-html-css] provider FAILED
2023-09-23 11:14:09.250 [error] undefined
2023-09-23 11:18:50.643 [info] Extension host terminating: renderer closed the MessagePort
2023-09-23 11:18:50.650 [info] Extension host with pid 6633 exiting with code 0
