2023-09-22 17:48:29.736 [info] Log level: Info
2023-09-22 17:48:29.736 [info] Validating found git in: "git"
2023-09-22 17:48:29.736 [info] Using git "2.42.0" from "git"
2023-09-22 17:48:29.736 [info] > git rev-parse --show-toplevel [9ms]
2023-09-22 17:48:29.736 [info] fatal: not a git repository (or any parent up to mount point /)
Stopping at filesystem boundary (GIT_DISCOVERY_ACROSS_FILESYSTEM not set).
2023-09-22 17:48:29.736 [info] > git rev-parse --show-toplevel [3ms]
2023-09-22 17:48:29.736 [info] fatal: not a git repository (or any parent up to mount point /)
Stopping at filesystem boundary (GIT_DISCOVERY_ACROSS_FILESYSTEM not set).
2023-09-22 17:48:29.767 [info] > git rev-parse --show-toplevel [22ms]
2023-09-22 17:48:29.767 [info] fatal: not a git repository (or any parent up to mount point /)
Stopping at filesystem boundary (GIT_DISCOVERY_ACROSS_FILESYSTEM not set).
2023-09-22 17:48:29.792 [info] > git rev-parse --show-toplevel [1ms]
2023-09-22 17:48:29.792 [info] fatal: not a git repository (or any parent up to mount point /)
Stopping at filesystem boundary (GIT_DISCOVERY_ACROSS_FILESYSTEM not set).
2023-09-22 17:48:30.093 [info] > git rev-parse --show-toplevel [1ms]
2023-09-22 17:48:30.093 [info] fatal: not a git repository (or any parent up to mount point /)
Stopping at filesystem boundary (GIT_DISCOVERY_ACROSS_FILESYSTEM not set).
2023-09-22 17:48:40.987 [info] > git rev-parse --show-toplevel [3ms]
2023-09-22 17:48:40.987 [info] fatal: not a git repository (or any parent up to mount point /)
Stopping at filesystem boundary (GIT_DISCOVERY_ACROSS_FILESYSTEM not set).
2023-09-22 17:48:56.713 [info] > git rev-parse --show-toplevel [2ms]
2023-09-22 17:48:56.713 [info] fatal: not a git repository (or any parent up to mount point /)
Stopping at filesystem boundary (GIT_DISCOVERY_ACROSS_FILESYSTEM not set).
2023-09-22 17:49:36.764 [info] > git rev-parse --show-toplevel [2ms]
2023-09-22 17:49:36.764 [info] fatal: not a git repository (or any parent up to mount point /)
Stopping at filesystem boundary (GIT_DISCOVERY_ACROSS_FILESYSTEM not set).
2023-09-22 17:49:52.102 [info] > git rev-parse --show-toplevel [2ms]
2023-09-22 17:49:52.102 [info] fatal: not a git repository (or any parent up to mount point /)
Stopping at filesystem boundary (GIT_DISCOVERY_ACROSS_FILESYSTEM not set).
2023-09-22 17:49:56.068 [info] > git rev-parse --show-toplevel [2ms]
2023-09-22 17:49:56.068 [info] fatal: not a git repository (or any parent up to mount point /)
Stopping at filesystem boundary (GIT_DISCOVERY_ACROSS_FILESYSTEM not set).
