2023-09-22 17:12:03.161 [info] Added views:workbench.panel.markers.view in workbench.panel.markers
2023-09-22 17:12:03.161 [info] Added views:workbench.panel.output in workbench.panel.output
2023-09-22 17:12:03.161 [info] Added views:terminal in terminal
2023-09-22 17:12:03.161 [info] Added views:outline in workbench.view.explorer
2023-09-22 17:12:03.161 [info] Added views:workbench.scm in workbench.view.scm
2023-09-22 17:12:03.161 [info] Added views:workbench.view.search in workbench.view.search
2023-09-22 17:12:03.161 [info] Added views:timeline in workbench.view.explorer
2023-09-22 17:12:03.161 [info] Added views:workbench.explorer.fileView in workbench.view.explorer
2023-09-22 17:12:03.459 [info] Added views:workbench.debug.welcome in workbench.view.debug
2023-09-22 17:12:04.039 [info] Added views:workbench.panel.repl.view in workbench.panel.repl
2023-09-22 17:12:05.003 [info] Added views:~remote.forwardedPorts in ~remote.forwardedPortsContainer
2023-09-22 17:43:05.166 [info] Added views:workbench.panel.markers.view in workbench.panel.markers
2023-09-22 17:43:05.166 [info] Added views:workbench.panel.output in workbench.panel.output
2023-09-22 17:43:05.166 [info] Added views:terminal in terminal
2023-09-22 17:43:05.166 [info] Added views:outline in workbench.view.explorer
2023-09-22 17:43:05.166 [info] Added views:workbench.scm in workbench.view.scm
2023-09-22 17:43:05.166 [info] Added views:workbench.view.search in workbench.view.search
2023-09-22 17:43:05.166 [info] Added views:timeline in workbench.view.explorer
2023-09-22 17:43:05.166 [info] Added views:workbench.explorer.fileView in workbench.view.explorer
2023-09-22 17:43:05.537 [info] Added views:workbench.debug.variablesView,workbench.debug.watchExpressionsView,workbench.debug.callStackView,workbench.debug.breakPointsView in workbench.view.debug
2023-09-22 17:43:05.725 [info] Added views:workbench.panel.repl.view in workbench.panel.repl
2023-09-22 17:43:05.732 [info] Removed views:workbench.debug.breakPointsView,workbench.debug.callStackView,workbench.debug.watchExpressionsView,workbench.debug.variablesView from workbench.view.debug
2023-09-22 17:43:05.734 [info] Added views:workbench.debug.welcome in workbench.view.debug
2023-09-22 17:43:05.773 [info] Added views:~remote.forwardedPorts in ~remote.forwardedPortsContainer
2023-09-22 17:43:13.556 [info] Added views:workbench.views.extensions.installed,workbench.views.extensions.popular,extensions.recommendedList in workbench.view.extensions
2023-09-22 17:43:13.561 [info] Removed views:workbench.views.extensions.popular from workbench.view.extensions
2023-09-22 17:43:16.768 [info] Removed views:extensions.recommendedList,workbench.views.extensions.installed from workbench.view.extensions
2023-09-22 17:43:16.796 [info] Added views:workbench.views.extensions.marketplace in workbench.view.extensions
2023-09-22 17:43:18.154 [info] Removed views:workbench.views.extensions.marketplace from workbench.view.extensions
2023-09-22 17:43:18.175 [info] Added views:workbench.views.extensions.installed,extensions.recommendedList in workbench.view.extensions
2023-09-22 17:43:19.286 [info] Removed views:extensions.recommendedList,workbench.views.extensions.installed from workbench.view.extensions
2023-09-22 17:43:19.312 [info] Added views:workbench.views.extensions.marketplace in workbench.view.extensions
2023-09-22 17:43:20.282 [info] Removed views:workbench.views.extensions.marketplace from workbench.view.extensions
2023-09-22 17:43:20.300 [info] Added views:workbench.views.extensions.installed,extensions.recommendedList in workbench.view.extensions
