2023-09-22 17:04:32.383 [info] Extension host with pid 911558 started
2023-09-22 17:04:32.413 [info] ExtensionService#_doActivateExtension vscode.git-base, startup: true, activationEvent: '*', root cause: vscode.git
2023-09-22 17:04:32.420 [info] ExtensionService#_doActivateExtension vscode.git, startup: true, activationEvent: '*'
2023-09-22 17:04:32.442 [info] ExtensionService#_doActivateExtension vscode.github, startup: true, activationEvent: '*'
2023-09-22 17:04:32.573 [info] Eager extensions activated
2023-09-22 17:04:32.618 [info] ExtensionService#_doActivateExtension vscode.debug-auto-launch, startup: false, activationEvent: 'onStartupFinished'
2023-09-22 17:04:32.620 [info] ExtensionService#_doActivateExtension vscode.merge-conflict, startup: false, activationEvent: 'onStartupFinished'
2023-09-22 17:04:32.624 [info] ExtensionService#_doActivateExtension PKief.material-icon-theme, startup: false, activationEvent: 'onStartupFinished'
2023-09-22 17:04:32.630 [info] ExtensionService#_doActivateExtension sainnhe.everforest, startup: false, activationEvent: 'onStartupFinished'
2023-09-22 17:04:47.949 [info] Extension host terminating: renderer closed the MessagePort
2023-09-22 17:04:47.956 [info] Extension host with pid 911558 exiting with code 0
2023-09-22 17:04:49.131 [info] Extension host with pid 914725 started
2023-09-22 17:04:49.131 [info] Skipping acquiring lock for /home/qweru/.config/Code - OSS/User/workspaceStorage/5031fa8a12dc9d475fe7463e4e223011.
2023-09-22 17:04:49.225 [info] ExtensionService#_doActivateExtension vscode.emmet, startup: false, activationEvent: 'onLanguage'
2023-09-22 17:04:49.276 [info] ExtensionService#_doActivateExtension vscode.git-base, startup: true, activationEvent: '*', root cause: vscode.git
2023-09-22 17:04:49.284 [info] ExtensionService#_doActivateExtension vscode.git, startup: true, activationEvent: '*'
2023-09-22 17:04:49.309 [info] ExtensionService#_doActivateExtension vscode.github, startup: true, activationEvent: '*'
2023-09-22 17:04:49.365 [info] Eager extensions activated
2023-09-22 17:04:49.385 [info] ExtensionService#_doActivateExtension vscode.debug-auto-launch, startup: false, activationEvent: 'onStartupFinished'
2023-09-22 17:04:49.386 [info] ExtensionService#_doActivateExtension vscode.merge-conflict, startup: false, activationEvent: 'onStartupFinished'
2023-09-22 17:04:49.393 [info] ExtensionService#_doActivateExtension PKief.material-icon-theme, startup: false, activationEvent: 'onStartupFinished'
2023-09-22 17:04:49.401 [info] ExtensionService#_doActivateExtension sainnhe.everforest, startup: false, activationEvent: 'onStartupFinished'
