2023-09-22 18:00:32.290 [info] Log level: Info
2023-09-22 18:00:32.290 [info] Validating found git in: "git"
2023-09-22 18:00:32.308 [info] Using git "2.42.0" from "git"
2023-09-22 18:00:32.323 [info] > git rev-parse --show-toplevel [3ms]
2023-09-22 18:00:32.323 [info] fatal: not a git repository (or any parent up to mount point /)
Stopping at filesystem boundary (GIT_DISCOVERY_ACROSS_FILESYSTEM not set).
2023-09-22 18:00:32.376 [info] > git rev-parse --show-toplevel [43ms]
2023-09-22 18:00:32.376 [info] fatal: not a git repository (or any parent up to mount point /)
Stopping at filesystem boundary (GIT_DISCOVERY_ACROSS_FILESYSTEM not set).
2023-09-22 18:00:32.419 [info] > git rev-parse --show-toplevel [12ms]
2023-09-22 18:00:32.419 [info] fatal: not a git repository (or any parent up to mount point /)
Stopping at filesystem boundary (GIT_DISCOVERY_ACROSS_FILESYSTEM not set).
2023-09-22 18:00:32.438 [info] > git rev-parse --show-toplevel [2ms]
2023-09-22 18:00:32.438 [info] fatal: not a git repository (or any parent up to mount point /)
Stopping at filesystem boundary (GIT_DISCOVERY_ACROSS_FILESYSTEM not set).
2023-09-22 18:00:32.450 [info] > git rev-parse --show-toplevel [2ms]
2023-09-22 18:00:32.450 [info] fatal: not a git repository (or any parent up to mount point /)
Stopping at filesystem boundary (GIT_DISCOVERY_ACROSS_FILESYSTEM not set).
2023-09-22 18:00:32.609 [info] > git rev-parse --show-toplevel [3ms]
2023-09-22 18:00:32.609 [info] fatal: not a git repository (or any parent up to mount point /)
Stopping at filesystem boundary (GIT_DISCOVERY_ACROSS_FILESYSTEM not set).
2023-09-22 18:04:03.505 [info] > git rev-parse --show-toplevel [1ms]
2023-09-22 18:04:03.505 [info] fatal: not a git repository (or any parent up to mount point /)
Stopping at filesystem boundary (GIT_DISCOVERY_ACROSS_FILESYSTEM not set).
