2023-09-22 17:04:32.577 [info] Log level: Info
2023-09-22 17:04:32.577 [info] Validating found git in: "git"
2023-09-22 17:04:32.577 [info] Using git "2.42.0" from "git"
2023-09-22 17:04:49.410 [info] Log level: Info
2023-09-22 17:04:49.410 [info] Validating found git in: "git"
2023-09-22 17:04:49.410 [info] Using git "2.42.0" from "git"
2023-09-22 17:04:49.410 [info] > git rev-parse --show-toplevel [6ms]
2023-09-22 17:04:49.410 [info] fatal: not a git repository (or any parent up to mount point /)
Stopping at filesystem boundary (GIT_DISCOVERY_ACROSS_FILESYSTEM not set).
2023-09-22 17:04:49.412 [info] > git rev-parse --show-toplevel [30ms]
2023-09-22 17:04:49.412 [info] fatal: not a git repository (or any parent up to mount point /)
Stopping at filesystem boundary (GIT_DISCOVERY_ACROSS_FILESYSTEM not set).
2023-09-22 17:04:49.519 [info] > git rev-parse --show-toplevel [1ms]
2023-09-22 17:04:49.519 [info] fatal: not a git repository (or any parent up to mount point /)
Stopping at filesystem boundary (GIT_DISCOVERY_ACROSS_FILESYSTEM not set).
2023-09-22 17:04:49.586 [info] > git rev-parse --show-toplevel [1ms]
2023-09-22 17:04:49.586 [info] fatal: not a git repository (or any parent up to mount point /)
Stopping at filesystem boundary (GIT_DISCOVERY_ACROSS_FILESYSTEM not set).
2023-09-22 17:04:49.802 [info] > git rev-parse --show-toplevel [2ms]
2023-09-22 17:04:49.802 [info] fatal: not a git repository (or any parent up to mount point /)
Stopping at filesystem boundary (GIT_DISCOVERY_ACROSS_FILESYSTEM not set).
