2023-09-23 10:35:46.244 [info] Log level: Info
2023-09-23 10:35:46.244 [info] Validating found git in: "git"
2023-09-23 10:35:46.270 [info] Using git "2.42.0" from "git"
2023-09-23 10:35:46.289 [info] > git rev-parse --show-toplevel [3ms]
2023-09-23 10:35:46.289 [info] fatal: not a git repository (or any parent up to mount point /)
Stopping at filesystem boundary (GIT_DISCOVERY_ACROSS_FILESYSTEM not set).
2023-09-23 10:35:46.300 [info] > git rev-parse --show-toplevel [1ms]
2023-09-23 10:35:46.300 [info] fatal: not a git repository (or any parent up to mount point /)
Stopping at filesystem boundary (GIT_DISCOVERY_ACROSS_FILESYSTEM not set).
2023-09-23 10:35:46.356 [info] > git rev-parse --show-toplevel [13ms]
2023-09-23 10:35:46.356 [info] fatal: not a git repository (or any parent up to mount point /)
Stopping at filesystem boundary (GIT_DISCOVERY_ACROSS_FILESYSTEM not set).
2023-09-23 10:43:20.107 [info] > git rev-parse --show-toplevel [3ms]
2023-09-23 10:43:20.107 [info] fatal: not a git repository (or any parent up to mount point /)
Stopping at filesystem boundary (GIT_DISCOVERY_ACROSS_FILESYSTEM not set).
2023-09-23 10:43:20.582 [info] > git rev-parse --show-toplevel [2ms]
2023-09-23 10:43:20.582 [info] fatal: not a git repository (or any parent up to mount point /)
Stopping at filesystem boundary (GIT_DISCOVERY_ACROSS_FILESYSTEM not set).
2023-09-23 10:44:56.416 [info] > git rev-parse --show-toplevel [3ms]
2023-09-23 10:44:56.416 [info] fatal: not a git repository (or any parent up to mount point /)
Stopping at filesystem boundary (GIT_DISCOVERY_ACROSS_FILESYSTEM not set).
2023-09-23 10:44:56.430 [info] > git rev-parse --show-toplevel [1ms]
2023-09-23 10:44:56.430 [info] fatal: not a git repository (or any parent up to mount point /)
Stopping at filesystem boundary (GIT_DISCOVERY_ACROSS_FILESYSTEM not set).
2023-09-23 10:44:57.751 [info] > git rev-parse --show-toplevel [1ms]
2023-09-23 10:44:57.751 [info] fatal: not a git repository (or any parent up to mount point /)
Stopping at filesystem boundary (GIT_DISCOVERY_ACROSS_FILESYSTEM not set).
2023-09-23 10:51:11.363 [info] > git rev-parse --show-toplevel [2ms]
2023-09-23 10:51:11.363 [info] fatal: not a git repository (or any parent up to mount point /)
Stopping at filesystem boundary (GIT_DISCOVERY_ACROSS_FILESYSTEM not set).
2023-09-23 10:54:27.781 [info] > git rev-parse --show-toplevel [2ms]
2023-09-23 10:54:27.781 [info] fatal: not a git repository (or any parent up to mount point /)
Stopping at filesystem boundary (GIT_DISCOVERY_ACROSS_FILESYSTEM not set).
2023-09-23 10:54:28.296 [info] > git rev-parse --show-toplevel [2ms]
2023-09-23 10:54:28.296 [info] fatal: not a git repository (or any parent up to mount point /)
Stopping at filesystem boundary (GIT_DISCOVERY_ACROSS_FILESYSTEM not set).
2023-09-23 10:54:30.637 [info] > git rev-parse --show-toplevel [2ms]
2023-09-23 10:54:30.637 [info] fatal: not a git repository (or any parent up to mount point /)
Stopping at filesystem boundary (GIT_DISCOVERY_ACROSS_FILESYSTEM not set).
2023-09-23 10:54:31.299 [info] > git rev-parse --show-toplevel [3ms]
2023-09-23 10:54:31.299 [info] fatal: not a git repository (or any parent up to mount point /)
Stopping at filesystem boundary (GIT_DISCOVERY_ACROSS_FILESYSTEM not set).
2023-09-23 10:54:35.919 [info] > git rev-parse --show-toplevel [2ms]
2023-09-23 10:54:35.919 [info] fatal: not a git repository (or any parent up to mount point /)
Stopping at filesystem boundary (GIT_DISCOVERY_ACROSS_FILESYSTEM not set).
2023-09-23 10:54:36.453 [info] > git rev-parse --show-toplevel [2ms]
2023-09-23 10:54:36.453 [info] fatal: not a git repository (or any parent up to mount point /)
Stopping at filesystem boundary (GIT_DISCOVERY_ACROSS_FILESYSTEM not set).
2023-09-23 10:55:21.669 [info] > git rev-parse --show-toplevel [2ms]
2023-09-23 10:55:21.670 [info] fatal: not a git repository (or any parent up to mount point /)
Stopping at filesystem boundary (GIT_DISCOVERY_ACROSS_FILESYSTEM not set).
2023-09-23 10:55:22.748 [info] > git rev-parse --show-toplevel [1ms]
2023-09-23 10:55:22.748 [info] fatal: not a git repository (or any parent up to mount point /)
Stopping at filesystem boundary (GIT_DISCOVERY_ACROSS_FILESYSTEM not set).
2023-09-23 10:55:46.351 [info] > git rev-parse --show-toplevel [2ms]
2023-09-23 10:55:46.351 [info] fatal: not a git repository (or any parent up to mount point /)
Stopping at filesystem boundary (GIT_DISCOVERY_ACROSS_FILESYSTEM not set).
2023-09-23 10:55:46.776 [info] > git rev-parse --show-toplevel [1ms]
2023-09-23 10:55:46.776 [info] fatal: not a git repository (or any parent up to mount point /)
Stopping at filesystem boundary (GIT_DISCOVERY_ACROSS_FILESYSTEM not set).
