2023-09-22T19:11:21.422Z 0: 

----------------------------------------------
2023-09-22T19:11:21.427Z 1: Discord starting: {"releaseChannel":"canary","version":"0.0.167"}, modulepath: /home/qweru/.config/discordcanary/0.0.167/modules
2023-09-22T19:11:21.430Z 2: ✅ webContents.created web1 ""
2023-09-22T19:11:21.434Z 3: ✅ window.created win1 "discord"
2023-09-22T19:11:22.322Z 4: ✅ webContents.did-finish-load web1
2023-09-22T19:11:31.248Z 5: ✅ webContents.created web2 ""
2023-09-22T19:11:31.262Z 6: ✅ window.created win2 "Discord"
2023-09-22T19:11:36.223Z 7: ✅ webContents.did-finish-load web2
2023-09-22T19:11:36.321Z 8: window.close win1
2023-09-22T19:11:36.344Z 9: webContents.destroyed web1
2023-09-22T19:11:36.353Z 10: window.closed win1
2023-09-22T19:13:45.973Z 11: window.close win2
2023-09-22T19:13:47.944Z 12: window.close win2
2023-09-22T19:13:47.953Z 13: webContents.destroyed web2
2023-09-22T19:13:47.965Z 14: window.closed win2
2023-09-22T19:15:30.896Z 0: 

----------------------------------------------
2023-09-22T19:15:30.909Z 1: Discord starting: {"releaseChannel":"canary","version":"0.0.167"}, modulepath: /home/qweru/.config/discordcanary/0.0.167/modules
2023-09-22T19:15:30.913Z 2: ✅ webContents.created web1 ""
2023-09-22T19:15:30.920Z 3: ✅ window.created win1 "discord"
2023-09-22T19:15:31.258Z 4: ✅ webContents.did-finish-load web1
2023-09-22T19:15:31.624Z 5: ✅ webContents.created web2 ""
2023-09-22T19:15:31.634Z 6: ✅ window.created win2 "Discord"
2023-09-22T19:15:35.264Z 7: ✅ webContents.did-finish-load web2
2023-09-22T19:15:35.364Z 8: window.close win1
2023-09-22T19:15:35.375Z 9: webContents.destroyed web1
2023-09-22T19:15:35.377Z 10: window.closed win1
2023-09-22T21:07:42.921Z 11: window.close win2
2023-09-23T10:33:46.731Z 0: 

----------------------------------------------
2023-09-23T10:33:46.739Z 1: Discord starting: {"releaseChannel":"canary","version":"0.0.167"}, modulepath: /home/qweru/.config/discordcanary/0.0.167/modules
2023-09-23T10:33:46.742Z 2: ✅ webContents.created web1 ""
2023-09-23T10:33:46.744Z 3: ✅ window.created win1 "discord"
2023-09-23T10:33:47.587Z 4: ✅ webContents.did-finish-load web1
2023-09-23T10:33:59.698Z 5: ✅ webContents.created web2 ""
2023-09-23T10:33:59.706Z 6: ✅ window.created win2 "Discord"
2023-09-23T10:34:02.848Z 7: ✅ webContents.did-finish-load web2
2023-09-23T10:34:02.948Z 8: window.close win1
2023-09-23T10:34:02.959Z 9: webContents.destroyed web1
2023-09-23T10:34:02.961Z 10: window.closed win1
2023-09-23T11:38:43.043Z 11: window.close win2
