2023-09-22 17:12:04.952 [info] Log level: Info
2023-09-22 17:12:04.952 [info] Validating found git in: "git"
2023-09-22 17:12:04.952 [info] Using git "2.42.0" from "git"
2023-09-22 17:12:04.952 [info] > git rev-parse --show-toplevel [8ms]
2023-09-22 17:12:04.952 [info] fatal: not a git repository (or any parent up to mount point /)
Stopping at filesystem boundary (GIT_DISCOVERY_ACROSS_FILESYSTEM not set).
2023-09-22 17:12:04.952 [info] > git rev-parse --show-toplevel [8ms]
2023-09-22 17:12:04.952 [info] fatal: not a git repository (or any parent up to mount point /)
Stopping at filesystem boundary (GIT_DISCOVERY_ACROSS_FILESYSTEM not set).
2023-09-22 17:12:04.967 [info] > git rev-parse --show-toplevel [3ms]
2023-09-22 17:12:04.967 [info] fatal: not a git repository (or any parent up to mount point /)
Stopping at filesystem boundary (GIT_DISCOVERY_ACROSS_FILESYSTEM not set).
2023-09-22 17:12:05.191 [info] > git rev-parse --show-toplevel [1ms]
2023-09-22 17:12:05.191 [info] fatal: not a git repository (or any parent up to mount point /)
Stopping at filesystem boundary (GIT_DISCOVERY_ACROSS_FILESYSTEM not set).
2023-09-22 17:12:05.312 [info] > git rev-parse --show-toplevel [1ms]
2023-09-22 17:12:05.312 [info] fatal: not a git repository (or any parent up to mount point /)
Stopping at filesystem boundary (GIT_DISCOVERY_ACROSS_FILESYSTEM not set).
2023-09-22 17:12:05.522 [info] > git rev-parse --show-toplevel [2ms]
2023-09-22 17:12:05.522 [info] fatal: not a git repository (or any parent up to mount point /)
Stopping at filesystem boundary (GIT_DISCOVERY_ACROSS_FILESYSTEM not set).
